Building DAG of jobs...
Using shell: /usr/bin/bash
Provided cores: 8
Rules claiming more threads will be scaled down.
Job counts:
	count	jobs
	1	query_fasta
	1
Select jobs to execute...

[Sun Sep  5 22:14:27 2021]
rule query_fasta:
    input: /truba/home/emrah/shared/blastdb/all_eu.fasta
    output: output/P01008/P01008.fasta
    log: logs/P01008_query_fasta.err
    jobid: 0
    wildcards: query_id=P01008

Activating conda environment: /truba/home/emrah/WORKFOLDER/TEST/TUTORIAL_0921/exp5/.snakemake/conda/d587695b
[Sun Sep  5 22:15:04 2021]
Finished job 0.
1 of 1 steps (100%) done
