Building DAG of jobs...
Using shell: /usr/bin/bash
Provided cores: 8
Rules claiming more threads will be scaled down.
Job counts:
	count	jobs
	1	get_blasthits
	1
Select jobs to execute...

[Sun Sep  5 22:17:47 2021]
rule get_blasthits:
    input: output/P68871/P68871_blasthits.out, output/P68871/P68871.fasta, /truba/home/emrah/shared/blastdb/all_eu.fasta
    output: output/P68871/P68871_blasthits.fasta
    log: logs/P68871_get_blasthits.err
    jobid: 0
    wildcards: query_id=P68871
    resources: time_min=300

Activating conda environment: /truba/home/emrah/WORKFOLDER/TEST/TUTORIAL_0921/exp5/.snakemake/conda/d587695b
[Sun Sep  5 22:22:51 2021]
Finished job 0.
1 of 1 steps (100%) done
