Building DAG of jobs...
Using shell: /usr/bin/bash
Provided cores: 8
Rules claiming more threads will be scaled down.
Job counts:
	count	jobs
	1	psiblastp
	1
Select jobs to execute...

[Sun Sep  5 22:15:19 2021]
rule psiblastp:
    input: /truba/home/emrah/shared/blastdb/all_eu.fasta, output/P22033/P22033.fasta
    output: output/P22033/P22033_blasthits.out
    log: logs/P22033_psiblastp.err
    jobid: 0
    wildcards: query_id=P22033

Activating conda environment: /truba/home/emrah/WORKFOLDER/TEST/TUTORIAL_0921/exp5/.snakemake/conda/75b63ec4
[Sun Sep  5 22:22:35 2021]
Finished job 0.
1 of 1 steps (100%) done
